<?xml version="1.0" encoding="UTF-8"?>
<!-- Generated by org.testng.reporters.JUnitXMLReporter -->
<testsuite hostname="user" ignored="0" name="Test(failed)(failed)(failed)" tests="1" failures="1" timestamp="03 Dec 2017 06:31:59 GMT" time="32.368" errors="0">
  <testcase name="testLogin" time="13.118" classname="Scripts.TestLogin">
    <failure type="java.lang.AssertionError" message="The following asserts failed:
	expected [actiTime - Enter Time- Track] but found [actiTIME - Enter Time-Track]">
      <![CDATA[java.lang.AssertionError: The following asserts failed:
	expected [actiTime - Enter Time- Track] but found [actiTIME - Enter Time-Track]
	at Scripts.TestLogin.testLogin(TestLogin.java:24)
... Removed 26 stack frames]]>
    </failure>
  </testcase> <!-- testLogin -->
</testsuite> <!-- Test(failed)(failed)(failed) -->
